{"D:\\VSCodeProjects\\KnowledgeHut\\jesting-with-js\\src\\sum.js": {"path":"D:\\VSCodeProjects\\KnowledgeHut\\jesting-with-js\\src\\sum.js","all":true,"statementMap":{"0":{"start":{"line":1,"column":0},"end":{"line":1,"column":20}},"1":{"start":{"line":2,"column":0},"end":{"line":2,"column":17}},"2":{"start":{"line":3,"column":0},"end":{"line":3,"column":1}},"3":{"start":{"line":4,"column":0},"end":{"line":4,"column":0}},"4":{"start":{"line":5,"column":0},"end":{"line":5,"column":19}}},"s":{"0":0,"1":0,"2":0,"3":0,"4":0},"branchMap":{"0":{"type":"branch","line":1,"loc":{"start":{"line":1,"column":0},"end":{"line":5,"column":19}},"locations":[{"start":{"line":1,"column":0},"end":{"line":5,"column":19}}]}},"b":{"0":[0]},"fnMap":{"0":{"name":"(empty-report)","decl":{"start":{"line":1,"column":0},"end":{"line":5,"column":19}},"loc":{"start":{"line":1,"column":0},"end":{"line":5,"column":19}},"line":1}},"f":{"0":0}}
}
